\BOOKMARK [1][-]{section.1}{引言}{}% 1
\BOOKMARK [2][-]{subsection.1.1}{编写目的}{section.1}% 2
\BOOKMARK [2][-]{subsection.1.2}{背景}{section.1}% 3
\BOOKMARK [2][-]{subsection.1.3}{定义}{section.1}% 4
\BOOKMARK [2][-]{subsection.1.4}{参考资料}{section.1}% 5
\BOOKMARK [1][-]{section.2}{功能需求}{}% 6
\BOOKMARK [2][-]{subsection.2.1}{CPU}{section.2}% 7
\BOOKMARK [3][-]{subsubsection.2.1.1}{ALU}{subsection.2.1}% 8
\BOOKMARK [3][-]{subsubsection.2.1.2}{乘法器}{subsection.2.1}% 9
\BOOKMARK [3][-]{subsubsection.2.1.3}{CP0}{subsection.2.1}% 10
\BOOKMARK [3][-]{subsubsection.2.1.4}{MMU与TLB}{subsection.2.1}% 11
\BOOKMARK [3][-]{subsubsection.2.1.5}{异常中断处理}{subsection.2.1}% 12
\BOOKMARK [3][-]{subsubsection.2.1.6}{其他功能部件}{subsection.2.1}% 13
\BOOKMARK [4][-]{paragraph.2.1.6.1}{PC}{subsubsection.2.1.6}% 14
\BOOKMARK [4][-]{paragraph.2.1.6.2}{寄存器堆}{subsubsection.2.1.6}% 15
\BOOKMARK [4][-]{paragraph.2.1.6.3}{串口}{subsubsection.2.1.6}% 16
\BOOKMARK [3][-]{subsubsection.2.1.7}{扩展部分}{subsection.2.1}% 17
\BOOKMARK [3][-]{subsubsection.2.1.8}{指令集与数据通路}{subsection.2.1}% 18
\BOOKMARK [2][-]{subsection.2.2}{BIOS}{section.2}% 19
\BOOKMARK [1][-]{section.3}{性能需求}{}% 20
\BOOKMARK [1][-]{section.4}{运行环境需求}{}% 21
\BOOKMARK [2][-]{subsection.4.1}{设备}{section.4}% 22
\BOOKMARK [2][-]{subsection.4.2}{控制}{section.4}% 23
\BOOKMARK [1][-]{section.5}{附录}{}% 24
\BOOKMARK [2][-]{subsection.5.1}{指令系统}{section.5}% 25
