\BOOKMARK [1][-]{section.1}{引言}{}% 1
\BOOKMARK [2][-]{subsection.1.1}{编写目的}{section.1}% 2
\BOOKMARK [2][-]{subsection.1.2}{背景}{section.1}% 3
\BOOKMARK [2][-]{subsection.1.3}{参考资料}{section.1}% 4
\BOOKMARK [1][-]{section.2}{模块设计}{}% 5
\BOOKMARK [2][-]{subsection.2.1}{取指令模块}{section.2}% 6
\BOOKMARK [3][-]{subsubsection.2.1.1}{端口说明}{subsection.2.1}% 7
\BOOKMARK [3][-]{subsubsection.2.1.2}{内部实现}{subsection.2.1}% 8
\BOOKMARK [2][-]{subsection.2.2}{指令解析模块}{section.2}% 9
\BOOKMARK [3][-]{subsubsection.2.2.1}{端口说明}{subsection.2.2}% 10
\BOOKMARK [3][-]{subsubsection.2.2.2}{内部实现}{subsection.2.2}% 11
\BOOKMARK [2][-]{subsection.2.3}{ALU模块}{section.2}% 12
\BOOKMARK [3][-]{subsubsection.2.3.1}{端口说明}{subsection.2.3}% 13
\BOOKMARK [3][-]{subsubsection.2.3.2}{内部实现}{subsection.2.3}% 14
\BOOKMARK [2][-]{subsection.2.4}{访存模块}{section.2}% 15
\BOOKMARK [3][-]{subsubsection.2.4.1}{端口说明}{subsection.2.4}% 16
\BOOKMARK [3][-]{subsubsection.2.4.2}{内部实现}{subsection.2.4}% 17
\BOOKMARK [2][-]{subsection.2.5}{写回模块}{section.2}% 18
\BOOKMARK [3][-]{subsubsection.2.5.1}{端口说明}{subsection.2.5}% 19
\BOOKMARK [3][-]{subsubsection.2.5.2}{内部实现}{subsection.2.5}% 20
\BOOKMARK [2][-]{subsection.2.6}{MMU模块}{section.2}% 21
\BOOKMARK [3][-]{subsubsection.2.6.1}{端口说明}{subsection.2.6}% 22
\BOOKMARK [3][-]{subsubsection.2.6.2}{内部实现}{subsection.2.6}% 23
\BOOKMARK [2][-]{subsection.2.7}{CP0模块}{section.2}% 24
\BOOKMARK [3][-]{subsubsection.2.7.1}{端口说明}{subsection.2.7}% 25
\BOOKMARK [3][-]{subsubsection.2.7.2}{内部实现}{subsection.2.7}% 26
\BOOKMARK [2][-]{subsection.2.8}{异常处理模块}{section.2}% 27
\BOOKMARK [3][-]{subsubsection.2.8.1}{端口说明}{subsection.2.8}% 28
\BOOKMARK [3][-]{subsubsection.2.8.2}{内部实现}{subsection.2.8}% 29
\BOOKMARK [1][-]{section.3}{整体设计}{}% 30
\BOOKMARK [2][-]{subsection.3.1}{CPU整体设计}{section.3}% 31
\BOOKMARK [2][-]{subsection.3.2}{元件例化}{section.3}% 32
\BOOKMARK [2][-]{subsection.3.3}{其他实现}{section.3}% 33
\BOOKMARK [3][-]{subsubsection.3.3.1}{状态机跳转}{subsection.3.3}% 34
\BOOKMARK [3][-]{subsubsection.3.3.2}{异常处理}{subsection.3.3}% 35
\BOOKMARK [3][-]{subsubsection.3.3.3}{时钟分频}{subsection.3.3}% 36
\BOOKMARK [1][-]{section.4}{软件硬件接口}{}% 37
\BOOKMARK [2][-]{subsection.4.1}{异常中断相关}{section.4}% 38
\BOOKMARK [3][-]{subsubsection.4.1.1}{寄存器与中断异常编号}{subsection.4.1}% 39
\BOOKMARK [3][-]{subsubsection.4.1.2}{时钟中断}{subsection.4.1}% 40
\BOOKMARK [3][-]{subsubsection.4.1.3}{串口}{subsection.4.1}% 41
\BOOKMARK [3][-]{subsubsection.4.1.4}{系统调用}{subsection.4.1}% 42
\BOOKMARK [3][-]{subsubsection.4.1.5}{异常处理向量}{subsection.4.1}% 43
\BOOKMARK [3][-]{subsubsection.4.1.6}{异常定义}{subsection.4.1}% 44
\BOOKMARK [3][-]{subsubsection.4.1.7}{Status寄存器}{subsection.4.1}% 45
\BOOKMARK [2][-]{subsection.4.2}{其他}{section.4}% 46
\BOOKMARK [3][-]{subsubsection.4.2.1}{操作系统组成}{subsection.4.2}% 47
\BOOKMARK [3][-]{subsubsection.4.2.2}{Flash访问}{subsection.4.2}% 48
\BOOKMARK [3][-]{subsubsection.4.2.3}{初始化}{subsection.4.2}% 49
\BOOKMARK [3][-]{subsubsection.4.2.4}{ROM}{subsection.4.2}% 50
\BOOKMARK [1][-]{section.5}{问题与解决}{}% 51
\BOOKMARK [2][-]{subsection.5.1}{编译工具}{section.5}% 52
\BOOKMARK [2][-]{subsection.5.2}{PC选择信号}{section.5}% 53
\BOOKMARK [2][-]{subsection.5.3}{MMU访存地址}{section.5}% 54
\BOOKMARK [2][-]{subsection.5.4}{TLB查找策略}{section.5}% 55
\BOOKMARK [2][-]{subsection.5.5}{寄存器写入}{section.5}% 56
\BOOKMARK [2][-]{subsection.5.6}{访存计数}{section.5}% 57
\BOOKMARK [2][-]{subsection.5.7}{其他}{section.5}% 58
\BOOKMARK [1][-]{section.6}{调试工具}{}% 59
\BOOKMARK [1][-]{section.7}{文件结构}{}% 60
